<?xml version="1.0" encoding="UTF-8"?>
<testsuite name="com.dyno.presenter.LiveDynoChartPresenterTest" tests="4" skipped="0" failures="0" errors="0" timestamp="2026-06-29T15:46:40" hostname="someonelaptop" time="0.028">
  <properties/>
  <testcase name="positiveSamplesAfterNegativeOnesStillPlotUntilStateEndsRun" classname="com.dyno.presenter.LiveDynoChartPresenterTest" time="0.016"/>
  <testcase name="negativeSamplesAreSkippedWithoutEndingCollection" classname="com.dyno.presenter.LiveDynoChartPresenterTest" time="0.001"/>
  <testcase name="backendReplayStyleSweepProducesOrderedChartSeries" classname="com.dyno.presenter.LiveDynoChartPresenterTest" time="0.009"/>
  <testcase name="configuredAxesDriveChartSeriesAndTimeXAxis" classname="com.dyno.presenter.LiveDynoChartPresenterTest" time="0.001"/>
  <system-out><![CDATA[]]></system-out>
  <system-err><![CDATA[]]></system-err>
</testsuite>
