<?xml version="1.0" encoding="UTF-8"?>
<testsuite name="com.dyno.health.OperatorStatusMapperTest" tests="5" skipped="0" failures="0" errors="0" timestamp="2026-06-29T15:46:40" hostname="someonelaptop" time="0.022">
  <properties/>
  <testcase name="storageProblemsMapToDegradedStorageState" classname="com.dyno.health.OperatorStatusMapperTest" time="0.007"/>
  <testcase name="replayModeMapsToReadyWithReplayMessage" classname="com.dyno.health.OperatorStatusMapperTest" time="0.003"/>
  <testcase name="unavailableFallbackMapsToUnavailable" classname="com.dyno.health.OperatorStatusMapperTest" time="0.0"/>
  <testcase name="serialAndAmbientChecksMapToDegradedMessages" classname="com.dyno.health.OperatorStatusMapperTest" time="0.009"/>
  <testcase name="healthyLiveModeMapsToReady" classname="com.dyno.health.OperatorStatusMapperTest" time="0.002"/>
  <system-out><![CDATA[]]></system-out>
  <system-err><![CDATA[]]></system-err>
</testsuite>
