<?xml version="1.0" encoding="UTF-8"?>
<testsuite name="com.dyno.ws.DynoWebSocketClientTest" tests="4" skipped="0" failures="0" errors="0" timestamp="2026-05-07T04:26:47" hostname="someonelaptop" time="0.005">
  <properties/>
  <testcase name="parsesPlainLiveFramePayload" classname="com.dyno.ws.DynoWebSocketClientTest" time="0.004"/>
  <testcase name="ignoresNonFrameMessages" classname="com.dyno.ws.DynoWebSocketClientTest" time="0.001"/>
  <testcase name="parsesBackendLiveFrameEnvelope" classname="com.dyno.ws.DynoWebSocketClientTest" time="0.0"/>
  <testcase name="parsesNestedLiveFrameEnvelope" classname="com.dyno.ws.DynoWebSocketClientTest" time="0.0"/>
  <system-out><![CDATA[]]></system-out>
  <system-err><![CDATA[]]></system-err>
</testsuite>
