<?xml version="1.0" encoding="UTF-8"?>
<testsuite name="com.dyno.state.LiveTelemetryStateTest" tests="2" skipped="0" failures="0" errors="0" timestamp="2026-06-02T19:22:07" hostname="someonelaptop" time="0.004">
  <properties/>
  <testcase name="reconnectStatusKeepsMostRecentFrameVisible" classname="com.dyno.state.LiveTelemetryStateTest" time="0.004"/>
  <testcase name="lowercaseBackendRecordingStateAppendsRunPoints" classname="com.dyno.state.LiveTelemetryStateTest" time="0.0"/>
  <system-out><![CDATA[]]></system-out>
  <system-err><![CDATA[]]></system-err>
</testsuite>
