<?xml version="1.0" encoding="UTF-8"?>
<testsuite name="com.dyno.history.HistoryApiContractTest" tests="2" skipped="0" failures="0" errors="0" timestamp="2026-05-07T04:26:46" hostname="someonelaptop" time="0.013">
  <properties/>
  <testcase name="compareShapeParses" classname="com.dyno.history.HistoryApiContractTest" time="0.01"/>
  <testcase name="runListShapeParses" classname="com.dyno.history.HistoryApiContractTest" time="0.003"/>
  <system-out><![CDATA[]]></system-out>
  <system-err><![CDATA[]]></system-err>
</testsuite>
