<?xml version="1.0" encoding="UTF-8"?>
<testsuite name="com.dyno.fx.LiveRunShellViewBannerTest" tests="4" skipped="0" failures="0" errors="0" timestamp="2026-06-04T05:36:20" hostname="someonelaptop" time="0.13">
  <properties/>
  <testcase name="faultBannerWinsOverBackendUnavailable" classname="com.dyno.fx.LiveRunShellViewBannerTest" time="0.128"/>
  <testcase name="connectedOperatorAlertWinsOverNormalRunState" classname="com.dyno.fx.LiveRunShellViewBannerTest" time="0.001"/>
  <testcase name="backendDegradedWinsOverOperatorMessage" classname="com.dyno.fx.LiveRunShellViewBannerTest" time="0.0"/>
  <testcase name="reconnectBannerWinsOverBackendDegradedAndKeepsLatestMessage" classname="com.dyno.fx.LiveRunShellViewBannerTest" time="0.001"/>
  <system-out><![CDATA[]]></system-out>
  <system-err><![CDATA[]]></system-err>
</testsuite>
