<?xml version="1.0" encoding="UTF-8"?>
<testsuite name="com.dyno.ws.DynoWebSocketClientTest" tests="4" skipped="0" failures="0" errors="0" timestamp="2026-06-02T19:22:07" hostname="someonelaptop" time="0.006">
  <properties/>
  <testcase name="parsesPlainLiveFramePayload" classname="com.dyno.ws.DynoWebSocketClientTest" time="0.005"/>
  <testcase name="ignoresNonFrameMessages" classname="com.dyno.ws.DynoWebSocketClientTest" time="0.0"/>
  <testcase name="parsesBackendLiveFrameEnvelope" classname="com.dyno.ws.DynoWebSocketClientTest" time="0.001"/>
  <testcase name="parsesNestedLiveFrameEnvelope" classname="com.dyno.ws.DynoWebSocketClientTest" time="0.0"/>
  <system-out><![CDATA[]]></system-out>
  <system-err><![CDATA[]]></system-err>
</testsuite>
