<?xml version="1.0" encoding="UTF-8"?>
<testsuite name="com.dyno.health.OperatorStatusMapperTest" tests="5" skipped="0" failures="0" errors="0" timestamp="2026-04-30T16:26:30" hostname="someonelaptop" time="0.026">
  <properties/>
  <testcase name="storageProblemsMapToDegradedStorageState" classname="com.dyno.health.OperatorStatusMapperTest" time="0.01"/>
  <testcase name="replayModeMapsToReadyWithReplayMessage" classname="com.dyno.health.OperatorStatusMapperTest" time="0.003"/>
  <testcase name="unavailableFallbackMapsToUnavailable" classname="com.dyno.health.OperatorStatusMapperTest" time="0.001"/>
  <testcase name="serialAndAmbientChecksMapToDegradedMessages" classname="com.dyno.health.OperatorStatusMapperTest" time="0.008"/>
  <testcase name="healthyLiveModeMapsToReady" classname="com.dyno.health.OperatorStatusMapperTest" time="0.004"/>
  <system-out><![CDATA[]]></system-out>
  <system-err><![CDATA[]]></system-err>
</testsuite>
