<?xml version="1.0" encoding="UTF-8"?>
<testsuite name="com.dyno.control.RunControlResponseTest" tests="2" skipped="0" failures="0" errors="0" timestamp="2026-05-07T04:26:46" hostname="someonelaptop" time="0.136">
  <properties/>
  <testcase name="missingSuccessFallsBackToHttpSuccessStatus" classname="com.dyno.control.RunControlResponseTest" time="0.135"/>
  <testcase name="explicitFalseSuccessWinsOverHttpSuccessStatus" classname="com.dyno.control.RunControlResponseTest" time="0.0"/>
  <system-out><![CDATA[]]></system-out>
  <system-err><![CDATA[]]></system-err>
</testsuite>
