<?xml version="1.0" encoding="UTF-8"?>
<testsuite name="com.dyno.fx.LiveRunShellViewBannerTest" tests="4" skipped="0" failures="0" errors="0" timestamp="2026-05-05T17:14:23" hostname="someonelaptop" time="0.357">
  <properties/>
  <testcase name="faultBannerWinsOverBackendUnavailable" classname="com.dyno.fx.LiveRunShellViewBannerTest" time="0.356"/>
  <testcase name="connectedOperatorAlertWinsOverNormalRunState" classname="com.dyno.fx.LiveRunShellViewBannerTest" time="0.0"/>
  <testcase name="backendDegradedWinsOverOperatorMessage" classname="com.dyno.fx.LiveRunShellViewBannerTest" time="0.001"/>
  <testcase name="reconnectBannerWinsOverBackendDegradedAndKeepsLatestMessage" classname="com.dyno.fx.LiveRunShellViewBannerTest" time="0.0"/>
  <system-out><![CDATA[]]></system-out>
  <system-err><![CDATA[]]></system-err>
</testsuite>
